<?xml version="1.0" encoding="UTF-8"?>
<testsuite name="com.linecorp.line.auth.fido.fido2.common.server.bean.validation.ServerAuthenticatorAssertionResponseBeanValidationTest" tests="3" skipped="0" failures="0" errors="0" timestamp="2023-08-29T09:42:48" hostname="ech-10-157-131-66" time="0.019">
  <properties/>
  <testcase name="validateSuccessfulRequest()" classname="com.linecorp.line.auth.fido.fido2.common.server.bean.validation.ServerAuthenticatorAssertionResponseBeanValidationTest" time="0.01"/>
  <testcase name="validateIncompleteRequestWithBlank()" classname="com.linecorp.line.auth.fido.fido2.common.server.bean.validation.ServerAuthenticatorAssertionResponseBeanValidationTest" time="0.002"/>
  <testcase name="validateIncompleteRequestWithInvalidBase64Url()" classname="com.linecorp.line.auth.fido.fido2.common.server.bean.validation.ServerAuthenticatorAssertionResponseBeanValidationTest" time="0.001"/>
  <system-out><![CDATA[]]></system-out>
  <system-err><![CDATA[]]></system-err>
</testsuite>
