<?xml version="1.0" encoding="UTF-8"?>
<testsuite name="com.linecorp.line.auth.fido.fido2.common.server.bean.validation.ServerPublicKeyCredentialUserEntityBeanValidationTest" tests="3" skipped="0" failures="0" errors="0" timestamp="2023-08-29T09:42:48" hostname="ech-10-157-131-66" time="0.013">
  <properties/>
  <testcase name="validateSuccessfulRequest()" classname="com.linecorp.line.auth.fido.fido2.common.server.bean.validation.ServerPublicKeyCredentialUserEntityBeanValidationTest" time="0.006"/>
  <testcase name="validateIncompleteRequestWithTooLongId()" classname="com.linecorp.line.auth.fido.fido2.common.server.bean.validation.ServerPublicKeyCredentialUserEntityBeanValidationTest" time="0.004"/>
  <testcase name="validateIncompleteRequestWithTooShortId()" classname="com.linecorp.line.auth.fido.fido2.common.server.bean.validation.ServerPublicKeyCredentialUserEntityBeanValidationTest" time="0.001"/>
  <system-out><![CDATA[]]></system-out>
  <system-err><![CDATA[]]></system-err>
</testsuite>
